  Application.cpp
C:\Users\Acer\Desktop\TrainingGL\TrainingFramework\src\GameManager\ResourceManagers.h(13,10): fatal error C1083: Cannot open include file: 'soloud.h': No such file or directory
  ResourceManagers.cpp
C:\Users\Acer\Desktop\TrainingGL\TrainingFramework\src\GameManager\ResourceManagers.h(13,10): fatal error C1083: Cannot open include file: 'soloud.h': No such file or directory
  Font.cpp
  GameButton.cpp
  Sprite2D.cpp
  Camera.cpp
  Sprite3D.cpp
  Model.cpp
C:\Users\Acer\Desktop\TrainingGL\TrainingFramework\src\GameObject\Model.cpp(25,18): warning C4244: 'initializing': conversion from 'std::streamoff' to 'size_t', possible loss of data
  Shader.cpp
  SpriteAnimation.cpp
C:\Users\Acer\Desktop\TrainingGL\TrainingFramework\src\GameObject\SpriteAnimation.cpp(95,39): warning C4244: 'argument': conversion from 'GLint' to 'GLfloat', possible loss of data
C:\Users\Acer\Desktop\TrainingGL\TrainingFramework\src\GameObject\SpriteAnimation.cpp(100,39): warning C4244: 'argument': conversion from 'GLint' to 'GLfloat', possible loss of data
C:\Users\Acer\Desktop\TrainingGL\TrainingFramework\src\GameObject\SpriteAnimation.cpp(105,39): warning C4244: 'argument': conversion from 'GLint' to 'GLfloat', possible loss of data
C:\Users\Acer\Desktop\TrainingGL\TrainingFramework\src\GameObject\SpriteAnimation.cpp(110,39): warning C4244: 'argument': conversion from 'GLint' to 'GLfloat', possible loss of data
C:\Users\Acer\Desktop\TrainingGL\TrainingFramework\src\GameObject\SpriteAnimation.cpp(138,11): warning C4244: 'initializing': conversion from 'double' to 'float', possible loss of data
C:\Users\Acer\Desktop\TrainingGL\TrainingFramework\src\GameObject\SpriteAnimation.cpp(139,11): warning C4244: 'initializing': conversion from 'double' to 'float', possible loss of data
C:\Users\Acer\Desktop\TrainingGL\TrainingFramework\src\GameObject\SpriteAnimation.cpp(149,11): warning C4244: 'initializing': conversion from 'double' to 'float', possible loss of data
C:\Users\Acer\Desktop\TrainingGL\TrainingFramework\src\GameObject\SpriteAnimation.cpp(150,11): warning C4244: 'initializing': conversion from 'double' to 'float', possible loss of data
  Text.cpp
  Texture.cpp
  GameStateBase.cpp
C:\Users\Acer\Desktop\TrainingGL\TrainingFramework\src\GameManager\ResourceManagers.h(13,10): fatal error C1083: Cannot open include file: 'soloud.h': No such file or directory
  GameStateMachine.cpp
C:\Users\Acer\Desktop\TrainingGL\TrainingFramework\src\GameManager\ResourceManagers.h(13,10): fatal error C1083: Cannot open include file: 'soloud.h': No such file or directory
  GSCredit.cpp
C:\Users\Acer\Desktop\TrainingGL\TrainingFramework\src\GameManager\ResourceManagers.h(13,10): fatal error C1083: Cannot open include file: 'soloud.h': No such file or directory
  GSIntro.cpp
C:\Users\Acer\Desktop\TrainingGL\TrainingFramework\src\GameManager\ResourceManagers.h(13,10): fatal error C1083: Cannot open include file: 'soloud.h': No such file or directory
  GSMenu.cpp
C:\Users\Acer\Desktop\TrainingGL\TrainingFramework\src\GameManager\ResourceManagers.h(13,10): fatal error C1083: Cannot open include file: 'soloud.h': No such file or directory
  GSPlay.cpp
C:\Users\Acer\Desktop\TrainingGL\TrainingFramework\src\GameManager\ResourceManagers.h(13,10): fatal error C1083: Cannot open include file: 'soloud.h': No such file or directory
  GSSetting.cpp
C:\Users\Acer\Desktop\TrainingGL\TrainingFramework\src\GameManager\ResourceManagers.h(13,10): fatal error C1083: Cannot open include file: 'soloud.h': No such file or directory
  TrainingFramework.cpp
  Generating Code...
