  Application.cpp
C:\Program Files\Microsoft Visual Studio\2022\Community\VC\Tools\MSVC\14.31.31103\include\xutility(149,77): warning C4244: 'argument': conversion from 'int' to 'GLfloat', possible loss of data
C:\Program Files\Microsoft Visual Studio\2022\Community\VC\Tools\MSVC\14.31.31103\include\memory(2014): message : see reference to function template instantiation 'void std::_Construct_in_place<_Ty,int,int,int&,int,int&,float,float,float>(_Ty &,int &&,int &&,int &,int &&,int &,float &&,float &&,float &&) noexcept(false)' being compiled
          with
          [
              _Ty=Camera
          ]
C:\Program Files\Microsoft Visual Studio\2022\Community\VC\Tools\MSVC\14.31.31103\include\memory(2726): message : see reference to function template instantiation 'std::_Ref_count_obj2<_Ty>::_Ref_count_obj2<int,int,int&,int,int&,float,float,float>(int &&,int &&,int &,int &&,int &,float &&,float &&,float &&)' being compiled
          with
          [
              _Ty=Camera
          ]
C:\Program Files\Microsoft Visual Studio\2022\Community\VC\Tools\MSVC\14.31.31103\include\memory(2726): message : see reference to function template instantiation 'std::_Ref_count_obj2<_Ty>::_Ref_count_obj2<int,int,int&,int,int&,float,float,float>(int &&,int &&,int &,int &&,int &,float &&,float &&,float &&)' being compiled
          with
          [
              _Ty=Camera
          ]
C:\Users\Acer\Desktop\TrainingGL\TrainingFramework\src\Application.cpp(20): message : see reference to function template instantiation 'std::shared_ptr<Camera> std::make_shared<Camera,int,int,int&,int,int&,float,float,float>(int &&,int &&,int &,int &&,int &,float &&,float &&,float &&)' being compiled
C:\Program Files\Microsoft Visual Studio\2022\Community\VC\Tools\MSVC\14.31.31103\include\xutility(149,77): warning C4244: 'argument': conversion from '_Ty' to 'GLfloat', possible loss of data
          with
          [
              _Ty=int
          ]
  ResourceManagers.cpp
  Font.cpp
  GameButton.cpp
  Sprite2D.cpp
  Camera.cpp
  Sprite3D.cpp
  Model.cpp
C:\Users\Acer\Desktop\TrainingGL\TrainingFramework\src\GameObject\Model.cpp(25,18): warning C4244: 'initializing': conversion from 'std::streamoff' to 'size_t', possible loss of data
  Shader.cpp
  SpriteAnimation.cpp
C:\Users\Acer\Desktop\TrainingGL\TrainingFramework\src\GameObject\SpriteAnimation.cpp(95,39): warning C4244: 'argument': conversion from 'GLint' to 'GLfloat', possible loss of data
C:\Users\Acer\Desktop\TrainingGL\TrainingFramework\src\GameObject\SpriteAnimation.cpp(100,39): warning C4244: 'argument': conversion from 'GLint' to 'GLfloat', possible loss of data
C:\Users\Acer\Desktop\TrainingGL\TrainingFramework\src\GameObject\SpriteAnimation.cpp(105,39): warning C4244: 'argument': conversion from 'GLint' to 'GLfloat', possible loss of data
C:\Users\Acer\Desktop\TrainingGL\TrainingFramework\src\GameObject\SpriteAnimation.cpp(110,39): warning C4244: 'argument': conversion from 'GLint' to 'GLfloat', possible loss of data
C:\Users\Acer\Desktop\TrainingGL\TrainingFramework\src\GameObject\SpriteAnimation.cpp(138,11): warning C4244: 'initializing': conversion from 'double' to 'float', possible loss of data
C:\Users\Acer\Desktop\TrainingGL\TrainingFramework\src\GameObject\SpriteAnimation.cpp(139,11): warning C4244: 'initializing': conversion from 'double' to 'float', possible loss of data
C:\Users\Acer\Desktop\TrainingGL\TrainingFramework\src\GameObject\SpriteAnimation.cpp(149,11): warning C4244: 'initializing': conversion from 'double' to 'float', possible loss of data
C:\Users\Acer\Desktop\TrainingGL\TrainingFramework\src\GameObject\SpriteAnimation.cpp(150,11): warning C4244: 'initializing': conversion from 'double' to 'float', possible loss of data
  Text.cpp
  Texture.cpp
  GameStateBase.cpp
  GameStateMachine.cpp
  GSIntro.cpp
C:\Users\Acer\Desktop\TrainingGL\TrainingFramework\src\GameStates\GSIntro.cpp(20,86): warning C4244: 'argument': conversion from 'float' to 'GLint', possible loss of data
C:\Users\Acer\Desktop\TrainingGL\TrainingFramework\src\GameStates\GSIntro.cpp(20,52): warning C4244: 'argument': conversion from 'float' to 'GLint', possible loss of data
  GSMenu.cpp
  GSPlay.cpp
C:\Users\Acer\Desktop\TrainingGL\TrainingFramework\src\GameStates\GSPlay.cpp(35,92): warning C4244: 'argument': conversion from 'float' to 'GLint', possible loss of data
C:\Users\Acer\Desktop\TrainingGL\TrainingFramework\src\GameStates\GSPlay.cpp(35,58): warning C4244: 'argument': conversion from 'float' to 'GLint', possible loss of data
C:\Users\Acer\Desktop\TrainingGL\TrainingFramework\src\GameStates\GSPlay.cpp(38,95): warning C4244: 'argument': conversion from 'float' to 'GLint', possible loss of data
C:\Users\Acer\Desktop\TrainingGL\TrainingFramework\src\GameStates\GSPlay.cpp(38,59): warning C4244: 'argument': conversion from 'float' to 'GLint', possible loss of data
C:\Users\Acer\Desktop\TrainingGL\TrainingFramework\src\GameStates\GSPlay.cpp(56,35): error C2059: syntax error: ')'
C:\Users\Acer\Desktop\TrainingGL\TrainingFramework\src\GameStates\GSPlay.cpp(80,23): warning C4244: 'argument': conversion from 'float' to 'GLint', possible loss of data
C:\Users\Acer\Desktop\TrainingGL\TrainingFramework\src\GameStates\GSPlay.cpp(80,15): warning C4244: 'argument': conversion from 'float' to 'GLint', possible loss of data
C:\Users\Acer\Desktop\TrainingGL\TrainingFramework\src\GameStates\GSPlay.cpp(134,42): warning C4244: 'argument': conversion from 'GLfloat' to 'GLint', possible loss of data
C:\Users\Acer\Desktop\TrainingGL\TrainingFramework\src\GameStates\GSPlay.cpp(134,35): warning C4244: 'argument': conversion from 'GLfloat' to 'GLint', possible loss of data
C:\Users\Acer\Desktop\TrainingGL\TrainingFramework\src\GameStates\GSPlay.cpp(135,29): warning C4244: 'argument': conversion from 'GLfloat' to 'GLint', possible loss of data
C:\Users\Acer\Desktop\TrainingGL\TrainingFramework\src\GameStates\GSPlay.cpp(138,43): warning C4244: 'argument': conversion from 'GLfloat' to 'GLint', possible loss of data
C:\Users\Acer\Desktop\TrainingGL\TrainingFramework\src\GameStates\GSPlay.cpp(138,36): warning C4244: 'argument': conversion from 'GLfloat' to 'GLint', possible loss of data
C:\Users\Acer\Desktop\TrainingGL\TrainingFramework\src\GameStates\GSPlay.cpp(139,30): warning C4244: 'argument': conversion from 'GLfloat' to 'GLint', possible loss of data
C:\Users\Acer\Desktop\TrainingGL\TrainingFramework\src\GameStates\GSPlay.cpp(143,56): warning C4244: '=': conversion from 'int' to 'GLfloat', possible loss of data
C:\Users\Acer\Desktop\TrainingGL\TrainingFramework\src\GameStates\GSPlay.cpp(144,36): warning C4244: 'argument': conversion from 'GLfloat' to 'GLint', possible loss of data
C:\Users\Acer\Desktop\TrainingGL\TrainingFramework\src\GameStates\GSPlay.cpp(144,29): warning C4244: 'argument': conversion from 'GLfloat' to 'GLint', possible loss of data
C:\Users\Acer\Desktop\TrainingGL\TrainingFramework\src\GameStates\GSPlay.cpp(148,38): warning C4244: 'argument': conversion from 'GLfloat' to 'GLint', possible loss of data
C:\Users\Acer\Desktop\TrainingGL\TrainingFramework\src\GameStates\GSPlay.cpp(148,31): warning C4244: 'argument': conversion from 'GLfloat' to 'GLint', possible loss of data
  TrainingFramework.cpp
