  GSPlay.cpp
C:\Users\Acer\Desktop\TrainingGL\TrainingFramework\src\GameStates\GSPlay.cpp(35,92): warning C4244: 'argument': conversion from 'float' to 'GLint', possible loss of data
C:\Users\Acer\Desktop\TrainingGL\TrainingFramework\src\GameStates\GSPlay.cpp(35,58): warning C4244: 'argument': conversion from 'float' to 'GLint', possible loss of data
C:\Users\Acer\Desktop\TrainingGL\TrainingFramework\src\GameStates\GSPlay.cpp(38,95): warning C4244: 'argument': conversion from 'float' to 'GLint', possible loss of data
C:\Users\Acer\Desktop\TrainingGL\TrainingFramework\src\GameStates\GSPlay.cpp(38,59): warning C4244: 'argument': conversion from 'float' to 'GLint', possible loss of data
C:\Users\Acer\Desktop\TrainingGL\TrainingFramework\src\GameStates\GSPlay.cpp(80,23): warning C4244: 'argument': conversion from 'float' to 'GLint', possible loss of data
C:\Users\Acer\Desktop\TrainingGL\TrainingFramework\src\GameStates\GSPlay.cpp(80,15): warning C4244: 'argument': conversion from 'float' to 'GLint', possible loss of data
C:\Users\Acer\Desktop\TrainingGL\TrainingFramework\src\GameStates\GSPlay.cpp(136,42): warning C4244: 'argument': conversion from 'GLfloat' to 'GLint', possible loss of data
C:\Users\Acer\Desktop\TrainingGL\TrainingFramework\src\GameStates\GSPlay.cpp(136,35): warning C4244: 'argument': conversion from 'GLfloat' to 'GLint', possible loss of data
C:\Users\Acer\Desktop\TrainingGL\TrainingFramework\src\GameStates\GSPlay.cpp(137,29): warning C4244: 'argument': conversion from 'GLfloat' to 'GLint', possible loss of data
C:\Users\Acer\Desktop\TrainingGL\TrainingFramework\src\GameStates\GSPlay.cpp(140,43): warning C4244: 'argument': conversion from 'GLfloat' to 'GLint', possible loss of data
C:\Users\Acer\Desktop\TrainingGL\TrainingFramework\src\GameStates\GSPlay.cpp(140,36): warning C4244: 'argument': conversion from 'GLfloat' to 'GLint', possible loss of data
C:\Users\Acer\Desktop\TrainingGL\TrainingFramework\src\GameStates\GSPlay.cpp(141,30): warning C4244: 'argument': conversion from 'GLfloat' to 'GLint', possible loss of data
C:\Users\Acer\Desktop\TrainingGL\TrainingFramework\src\GameStates\GSPlay.cpp(145,60): warning C4244: '=': conversion from 'int' to 'GLfloat', possible loss of data
C:\Users\Acer\Desktop\TrainingGL\TrainingFramework\src\GameStates\GSPlay.cpp(146,36): warning C4244: 'argument': conversion from 'GLfloat' to 'GLint', possible loss of data
C:\Users\Acer\Desktop\TrainingGL\TrainingFramework\src\GameStates\GSPlay.cpp(146,29): warning C4244: 'argument': conversion from 'GLfloat' to 'GLint', possible loss of data
C:\Users\Acer\Desktop\TrainingGL\TrainingFramework\src\GameStates\GSPlay.cpp(150,38): warning C4244: 'argument': conversion from 'GLfloat' to 'GLint', possible loss of data
C:\Users\Acer\Desktop\TrainingGL\TrainingFramework\src\GameStates\GSPlay.cpp(150,31): warning C4244: 'argument': conversion from 'GLfloat' to 'GLint', possible loss of data
soloud_static_d.lib(dr_impl.obj) : warning LNK4099: PDB 'soloud_static.pdb' was not found with 'soloud_static_d.lib(dr_impl.obj)' or at 'C:\Users\Acer\Desktop\TrainingGL\BIN-Nvidia\soloud_static.pdb'; linking object as if no debug info
  TrainingFramework.vcxproj -> C:\Users\Acer\Desktop\TrainingGL\BIN-Nvidia\TrainingFramework.exe
